2024-05-10T09:08:49.074+05:30  WARN 18588 --- [user-login-react-project] [HikariPool-32 housekeeper] com.zaxxer.hikari.pool.HikariPool        : HikariPool-32 - Thread starvation or clock leap detected (housekeeper delta=13h7m44s486ms210µs500ns).
2024-05-10T11:31:57.803+05:30  WARN 18588 --- [user-login-react-project] [HikariPool-32 housekeeper] com.zaxxer.hikari.pool.HikariPool        : HikariPool-32 - Thread starvation or clock leap detected (housekeeper delta=6m6s535ms820µs).
2024-05-10T12:13:25.484+05:30  INFO 18588 --- [user-login-react-project] [File Watcher] rtingClassPathChangeChangedEventListener : Restarting due to 2 class path changes (0 additions, 0 deletions, 2 modifications)
2024-05-10T12:13:25.695+05:30  INFO 18588 --- [user-login-react-project] [Thread-127] j.LocalContainerEntityManagerFactoryBean : Closing JPA EntityManagerFactory for persistence unit 'default'
2024-05-10T12:13:25.740+05:30  INFO 18588 --- [user-login-react-project] [Thread-127] com.zaxxer.hikari.HikariDataSource       : HikariPool-32 - Shutdown initiated...
2024-05-10T12:13:25.762+05:30  INFO 18588 --- [user-login-react-project] [Thread-127] com.zaxxer.hikari.HikariDataSource       : HikariPool-32 - Shutdown completed.
2024-05-10T12:13:27.312+05:30  INFO 18588 --- [user-login-react-project] [restartedMain] c.z.b.UserLoginReactProjectApplication   : Starting UserLoginReactProjectApplication using Java 17.0.9 with PID 18588 (D:\SrikanthK\Java\spring-boot\user-module-backend\user-login-react-project\target\classes started by Srikanth K in D:\SrikanthK\Java\spring-boot\user-module-backend\user-login-react-project)
2024-05-10T12:13:27.312+05:30  INFO 18588 --- [user-login-react-project] [restartedMain] c.z.b.UserLoginReactProjectApplication   : No active profile set, falling back to 1 default profile: "default"
2024-05-10T12:13:27.787+05:30  INFO 18588 --- [user-login-react-project] [restartedMain] .s.d.r.c.RepositoryConfigurationDelegate : Bootstrapping Spring Data JPA repositories in DEFAULT mode.
2024-05-10T12:13:27.807+05:30  INFO 18588 --- [user-login-react-project] [restartedMain] .s.d.r.c.RepositoryConfigurationDelegate : Finished Spring Data repository scanning in 19 ms. Found 2 JPA repository interfaces.
2024-05-10T12:13:27.899+05:30  WARN 18588 --- [user-login-react-project] [restartedMain] trationDelegate$BeanPostProcessorChecker : Bean 'org.springframework.ws.config.annotation.DelegatingWsConfiguration' of type [org.springframework.ws.config.annotation.DelegatingWsConfiguration$$SpringCGLIB$$0] is not eligible for getting processed by all BeanPostProcessors (for example: not eligible for auto-proxying). The currently created BeanPostProcessor [annotationActionEndpointMapping] is declared through a non-static factory method on that class; consider declaring it as static instead.
2024-05-10T12:13:27.901+05:30  INFO 18588 --- [user-login-react-project] [restartedMain] .w.s.a.s.AnnotationActionEndpointMapping : Supporting [WS-Addressing August 2004, WS-Addressing 1.0]
2024-05-10T12:13:28.140+05:30  INFO 18588 --- [user-login-react-project] [restartedMain] o.s.b.w.embedded.tomcat.TomcatWebServer  : Tomcat initialized with port 8080 (http)
2024-05-10T12:13:28.142+05:30  INFO 18588 --- [user-login-react-project] [restartedMain] o.apache.catalina.core.StandardService   : Starting service [Tomcat]
2024-05-10T12:13:28.143+05:30  INFO 18588 --- [user-login-react-project] [restartedMain] o.apache.catalina.core.StandardEngine    : Starting Servlet engine: [Apache Tomcat/10.1.20]
2024-05-10T12:13:28.202+05:30  INFO 18588 --- [user-login-react-project] [restartedMain] o.a.c.c.C.[Tomcat].[localhost].[/]       : Initializing Spring embedded WebApplicationContext
2024-05-10T12:13:28.202+05:30  INFO 18588 --- [user-login-react-project] [restartedMain] w.s.c.ServletWebServerApplicationContext : Root WebApplicationContext: initialization completed in 885 ms
2024-05-10T12:13:28.409+05:30  INFO 18588 --- [user-login-react-project] [restartedMain] o.hibernate.jpa.internal.util.LogHelper  : HHH000204: Processing PersistenceUnitInfo [name: default]
2024-05-10T12:13:28.413+05:30  INFO 18588 --- [user-login-react-project] [restartedMain] o.h.c.internal.RegionFactoryInitiator    : HHH000026: Second-level cache disabled
2024-05-10T12:13:28.418+05:30  INFO 18588 --- [user-login-react-project] [restartedMain] o.s.o.j.p.SpringPersistenceUnitInfo      : No LoadTimeWeaver setup: ignoring JPA class transformer
2024-05-10T12:13:28.419+05:30  INFO 18588 --- [user-login-react-project] [restartedMain] com.zaxxer.hikari.HikariDataSource       : HikariPool-33 - Starting...
2024-05-10T12:13:28.489+05:30  INFO 18588 --- [user-login-react-project] [restartedMain] com.zaxxer.hikari.pool.HikariPool        : HikariPool-33 - Added connection org.postgresql.jdbc.PgConnection@2829a08a
2024-05-10T12:13:28.489+05:30  INFO 18588 --- [user-login-react-project] [restartedMain] com.zaxxer.hikari.HikariDataSource       : HikariPool-33 - Start completed.
2024-05-10T12:13:28.576+05:30  INFO 18588 --- [user-login-react-project] [restartedMain] o.h.e.t.j.p.i.JtaPlatformInitiator       : HHH000489: No JTA platform available (set 'hibernate.transaction.jta.platform' to enable JTA platform integration)
2024-05-10T12:13:28.652+05:30  INFO 18588 --- [user-login-react-project] [restartedMain] j.LocalContainerEntityManagerFactoryBean : Initialized JPA EntityManagerFactory for persistence unit 'default'
2024-05-10T12:13:28.965+05:30  WARN 18588 --- [user-login-react-project] [restartedMain] JpaBaseConfiguration$JpaWebConfiguration : spring.jpa.open-in-view is enabled by default. Therefore, database queries may be performed during view rendering. Explicitly configure spring.jpa.open-in-view to disable this warning
2024-05-10T12:13:29.298+05:30  WARN 18588 --- [user-login-react-project] [restartedMain] ion$DefaultTemplateResolverConfiguration : Cannot find template location: classpath:/templates/ (please add some templates, check your Thymeleaf configuration, or set spring.thymeleaf.check-template-location=false)
2024-05-10T12:13:29.719+05:30  INFO 18588 --- [user-login-react-project] [restartedMain] o.s.b.d.a.OptionalLiveReloadServer       : LiveReload server is running on port 35729
2024-05-10T12:13:29.732+05:30  INFO 18588 --- [user-login-react-project] [restartedMain] o.s.b.a.e.web.EndpointLinksResolver      : Exposing 1 endpoint(s) beneath base path '/actuator'
2024-05-10T12:13:29.774+05:30  INFO 18588 --- [user-login-react-project] [restartedMain] o.s.b.w.embedded.tomcat.TomcatWebServer  : Tomcat started on port 8080 (http) with context path ''
2024-05-10T12:13:29.797+05:30  INFO 18588 --- [user-login-react-project] [restartedMain] c.z.b.UserLoginReactProjectApplication   : Started UserLoginReactProjectApplication in 2.685 seconds (process running for 148650.494)
2024-05-10T12:13:29.801+05:30  INFO 18588 --- [user-login-react-project] [restartedMain] .ConditionEvaluationDeltaLoggingListener : Condition evaluation unchanged
2024-05-10T12:16:56.982+05:30  INFO 18588 --- [user-login-react-project] [File Watcher] rtingClassPathChangeChangedEventListener : Restarting due to 2 class path changes (0 additions, 0 deletions, 2 modifications)
2024-05-10T12:16:57.010+05:30  INFO 18588 --- [user-login-react-project] [Thread-131] j.LocalContainerEntityManagerFactoryBean : Closing JPA EntityManagerFactory for persistence unit 'default'
2024-05-10T12:16:57.011+05:30  INFO 18588 --- [user-login-react-project] [Thread-131] com.zaxxer.hikari.HikariDataSource       : HikariPool-33 - Shutdown initiated...
2024-05-10T12:16:57.023+05:30  INFO 18588 --- [user-login-react-project] [Thread-131] com.zaxxer.hikari.HikariDataSource       : HikariPool-33 - Shutdown completed.
2024-05-10T12:16:57.207+05:30  INFO 18588 --- [user-login-react-project] [restartedMain] c.z.b.UserLoginReactProjectApplication   : Starting UserLoginReactProjectApplication using Java 17.0.9 with PID 18588 (D:\SrikanthK\Java\spring-boot\user-module-backend\user-login-react-project\target\classes started by Srikanth K in D:\SrikanthK\Java\spring-boot\user-module-backend\user-login-react-project)
2024-05-10T12:16:57.208+05:30  INFO 18588 --- [user-login-react-project] [restartedMain] c.z.b.UserLoginReactProjectApplication   : No active profile set, falling back to 1 default profile: "default"
2024-05-10T12:16:57.642+05:30  INFO 18588 --- [user-login-react-project] [restartedMain] .s.d.r.c.RepositoryConfigurationDelegate : Bootstrapping Spring Data JPA repositories in DEFAULT mode.
2024-05-10T12:16:57.662+05:30  INFO 18588 --- [user-login-react-project] [restartedMain] .s.d.r.c.RepositoryConfigurationDelegate : Finished Spring Data repository scanning in 19 ms. Found 2 JPA repository interfaces.
2024-05-10T12:16:57.737+05:30  WARN 18588 --- [user-login-react-project] [restartedMain] trationDelegate$BeanPostProcessorChecker : Bean 'org.springframework.ws.config.annotation.DelegatingWsConfiguration' of type [org.springframework.ws.config.annotation.DelegatingWsConfiguration$$SpringCGLIB$$0] is not eligible for getting processed by all BeanPostProcessors (for example: not eligible for auto-proxying). The currently created BeanPostProcessor [annotationActionEndpointMapping] is declared through a non-static factory method on that class; consider declaring it as static instead.
2024-05-10T12:16:57.738+05:30  INFO 18588 --- [user-login-react-project] [restartedMain] .w.s.a.s.AnnotationActionEndpointMapping : Supporting [WS-Addressing August 2004, WS-Addressing 1.0]
2024-05-10T12:16:57.891+05:30  INFO 18588 --- [user-login-react-project] [restartedMain] o.s.b.w.embedded.tomcat.TomcatWebServer  : Tomcat initialized with port 8080 (http)
2024-05-10T12:16:57.891+05:30  INFO 18588 --- [user-login-react-project] [restartedMain] o.apache.catalina.core.StandardService   : Starting service [Tomcat]
2024-05-10T12:16:57.891+05:30  INFO 18588 --- [user-login-react-project] [restartedMain] o.apache.catalina.core.StandardEngine    : Starting Servlet engine: [Apache Tomcat/10.1.20]
2024-05-10T12:16:57.927+05:30  INFO 18588 --- [user-login-react-project] [restartedMain] o.a.c.c.C.[Tomcat].[localhost].[/]       : Initializing Spring embedded WebApplicationContext
2024-05-10T12:16:57.927+05:30  INFO 18588 --- [user-login-react-project] [restartedMain] w.s.c.ServletWebServerApplicationContext : Root WebApplicationContext: initialization completed in 717 ms
2024-05-10T12:16:58.104+05:30  INFO 18588 --- [user-login-react-project] [restartedMain] o.hibernate.jpa.internal.util.LogHelper  : HHH000204: Processing PersistenceUnitInfo [name: default]
2024-05-10T12:16:58.107+05:30  INFO 18588 --- [user-login-react-project] [restartedMain] o.h.c.internal.RegionFactoryInitiator    : HHH000026: Second-level cache disabled
2024-05-10T12:16:58.113+05:30  INFO 18588 --- [user-login-react-project] [restartedMain] o.s.o.j.p.SpringPersistenceUnitInfo      : No LoadTimeWeaver setup: ignoring JPA class transformer
2024-05-10T12:16:58.114+05:30  INFO 18588 --- [user-login-react-project] [restartedMain] com.zaxxer.hikari.HikariDataSource       : HikariPool-34 - Starting...
2024-05-10T12:16:58.189+05:30  INFO 18588 --- [user-login-react-project] [restartedMain] com.zaxxer.hikari.pool.HikariPool        : HikariPool-34 - Added connection org.postgresql.jdbc.PgConnection@107f54eb
2024-05-10T12:16:58.189+05:30  INFO 18588 --- [user-login-react-project] [restartedMain] com.zaxxer.hikari.HikariDataSource       : HikariPool-34 - Start completed.
2024-05-10T12:16:58.259+05:30  INFO 18588 --- [user-login-react-project] [restartedMain] o.h.e.t.j.p.i.JtaPlatformInitiator       : HHH000489: No JTA platform available (set 'hibernate.transaction.jta.platform' to enable JTA platform integration)
2024-05-10T12:16:58.311+05:30  INFO 18588 --- [user-login-react-project] [restartedMain] j.LocalContainerEntityManagerFactoryBean : Initialized JPA EntityManagerFactory for persistence unit 'default'
2024-05-10T12:16:58.631+05:30  WARN 18588 --- [user-login-react-project] [restartedMain] JpaBaseConfiguration$JpaWebConfiguration : spring.jpa.open-in-view is enabled by default. Therefore, database queries may be performed during view rendering. Explicitly configure spring.jpa.open-in-view to disable this warning
2024-05-10T12:16:59.109+05:30  WARN 18588 --- [user-login-react-project] [restartedMain] ion$DefaultTemplateResolverConfiguration : Cannot find template location: classpath:/templates/ (please add some templates, check your Thymeleaf configuration, or set spring.thymeleaf.check-template-location=false)
2024-05-10T12:16:59.567+05:30  INFO 18588 --- [user-login-react-project] [restartedMain] o.s.b.d.a.OptionalLiveReloadServer       : LiveReload server is running on port 35729
2024-05-10T12:16:59.576+05:30  INFO 18588 --- [user-login-react-project] [restartedMain] o.s.b.a.e.web.EndpointLinksResolver      : Exposing 1 endpoint(s) beneath base path '/actuator'
2024-05-10T12:16:59.623+05:30  INFO 18588 --- [user-login-react-project] [restartedMain] o.s.b.w.embedded.tomcat.TomcatWebServer  : Tomcat started on port 8080 (http) with context path ''
2024-05-10T12:16:59.654+05:30  INFO 18588 --- [user-login-react-project] [restartedMain] c.z.b.UserLoginReactProjectApplication   : Started UserLoginReactProjectApplication in 2.482 seconds (process running for 148860.351)
2024-05-10T12:16:59.657+05:30  INFO 18588 --- [user-login-react-project] [restartedMain] .ConditionEvaluationDeltaLoggingListener : Condition evaluation unchanged
2024-05-10T13:14:21.209+05:30  INFO 18588 --- [user-login-react-project] [File Watcher] rtingClassPathChangeChangedEventListener : Restarting due to 2 class path changes (0 additions, 0 deletions, 2 modifications)
2024-05-10T13:14:21.438+05:30  INFO 18588 --- [user-login-react-project] [Thread-135] j.LocalContainerEntityManagerFactoryBean : Closing JPA EntityManagerFactory for persistence unit 'default'
2024-05-10T13:14:21.494+05:30  INFO 18588 --- [user-login-react-project] [Thread-135] com.zaxxer.hikari.HikariDataSource       : HikariPool-34 - Shutdown initiated...
2024-05-10T13:14:21.524+05:30  INFO 18588 --- [user-login-react-project] [Thread-135] com.zaxxer.hikari.HikariDataSource       : HikariPool-34 - Shutdown completed.
2024-05-10T13:14:23.095+05:30  INFO 18588 --- [user-login-react-project] [restartedMain] c.z.b.UserLoginReactProjectApplication   : Starting UserLoginReactProjectApplication using Java 17.0.9 with PID 18588 (D:\SrikanthK\Java\spring-boot\user-module-backend\user-login-react-project\target\classes started by Srikanth K in D:\SrikanthK\Java\spring-boot\user-module-backend\user-login-react-project)
2024-05-10T13:14:23.095+05:30  INFO 18588 --- [user-login-react-project] [restartedMain] c.z.b.UserLoginReactProjectApplication   : No active profile set, falling back to 1 default profile: "default"
2024-05-10T13:14:23.564+05:30  INFO 18588 --- [user-login-react-project] [restartedMain] .s.d.r.c.RepositoryConfigurationDelegate : Bootstrapping Spring Data JPA repositories in DEFAULT mode.
2024-05-10T13:14:23.582+05:30  INFO 18588 --- [user-login-react-project] [restartedMain] .s.d.r.c.RepositoryConfigurationDelegate : Finished Spring Data repository scanning in 17 ms. Found 2 JPA repository interfaces.
2024-05-10T13:14:23.680+05:30  WARN 18588 --- [user-login-react-project] [restartedMain] trationDelegate$BeanPostProcessorChecker : Bean 'org.springframework.ws.config.annotation.DelegatingWsConfiguration' of type [org.springframework.ws.config.annotation.DelegatingWsConfiguration$$SpringCGLIB$$0] is not eligible for getting processed by all BeanPostProcessors (for example: not eligible for auto-proxying). The currently created BeanPostProcessor [annotationActionEndpointMapping] is declared through a non-static factory method on that class; consider declaring it as static instead.
2024-05-10T13:14:23.684+05:30  INFO 18588 --- [user-login-react-project] [restartedMain] .w.s.a.s.AnnotationActionEndpointMapping : Supporting [WS-Addressing August 2004, WS-Addressing 1.0]
2024-05-10T13:14:23.965+05:30  INFO 18588 --- [user-login-react-project] [restartedMain] o.s.b.w.embedded.tomcat.TomcatWebServer  : Tomcat initialized with port 8080 (http)
2024-05-10T13:14:23.969+05:30  INFO 18588 --- [user-login-react-project] [restartedMain] o.apache.catalina.core.StandardService   : Starting service [Tomcat]
2024-05-10T13:14:23.969+05:30  INFO 18588 --- [user-login-react-project] [restartedMain] o.apache.catalina.core.StandardEngine    : Starting Servlet engine: [Apache Tomcat/10.1.20]
2024-05-10T13:14:24.014+05:30  INFO 18588 --- [user-login-react-project] [restartedMain] o.a.c.c.C.[Tomcat].[localhost].[/]       : Initializing Spring embedded WebApplicationContext
2024-05-10T13:14:24.015+05:30  INFO 18588 --- [user-login-react-project] [restartedMain] w.s.c.ServletWebServerApplicationContext : Root WebApplicationContext: initialization completed in 916 ms
2024-05-10T13:14:24.253+05:30  INFO 18588 --- [user-login-react-project] [restartedMain] o.hibernate.jpa.internal.util.LogHelper  : HHH000204: Processing PersistenceUnitInfo [name: default]
2024-05-10T13:14:24.258+05:30  INFO 18588 --- [user-login-react-project] [restartedMain] o.h.c.internal.RegionFactoryInitiator    : HHH000026: Second-level cache disabled
2024-05-10T13:14:24.264+05:30  INFO 18588 --- [user-login-react-project] [restartedMain] o.s.o.j.p.SpringPersistenceUnitInfo      : No LoadTimeWeaver setup: ignoring JPA class transformer
2024-05-10T13:14:24.266+05:30  INFO 18588 --- [user-login-react-project] [restartedMain] com.zaxxer.hikari.HikariDataSource       : HikariPool-35 - Starting...
2024-05-10T13:14:24.345+05:30  INFO 18588 --- [user-login-react-project] [restartedMain] com.zaxxer.hikari.pool.HikariPool        : HikariPool-35 - Added connection org.postgresql.jdbc.PgConnection@71aa56d8
2024-05-10T13:14:24.345+05:30  INFO 18588 --- [user-login-react-project] [restartedMain] com.zaxxer.hikari.HikariDataSource       : HikariPool-35 - Start completed.
2024-05-10T13:14:24.444+05:30  INFO 18588 --- [user-login-react-project] [restartedMain] o.h.e.t.j.p.i.JtaPlatformInitiator       : HHH000489: No JTA platform available (set 'hibernate.transaction.jta.platform' to enable JTA platform integration)
2024-05-10T13:14:24.510+05:30  INFO 18588 --- [user-login-react-project] [restartedMain] j.LocalContainerEntityManagerFactoryBean : Initialized JPA EntityManagerFactory for persistence unit 'default'
2024-05-10T13:14:24.840+05:30  WARN 18588 --- [user-login-react-project] [restartedMain] JpaBaseConfiguration$JpaWebConfiguration : spring.jpa.open-in-view is enabled by default. Therefore, database queries may be performed during view rendering. Explicitly configure spring.jpa.open-in-view to disable this warning
2024-05-10T13:14:25.188+05:30  WARN 18588 --- [user-login-react-project] [restartedMain] ion$DefaultTemplateResolverConfiguration : Cannot find template location: classpath:/templates/ (please add some templates, check your Thymeleaf configuration, or set spring.thymeleaf.check-template-location=false)
2024-05-10T13:14:25.647+05:30  INFO 18588 --- [user-login-react-project] [restartedMain] o.s.b.d.a.OptionalLiveReloadServer       : LiveReload server is running on port 35729
2024-05-10T13:14:25.658+05:30  INFO 18588 --- [user-login-react-project] [restartedMain] o.s.b.a.e.web.EndpointLinksResolver      : Exposing 1 endpoint(s) beneath base path '/actuator'
2024-05-10T13:14:25.707+05:30  INFO 18588 --- [user-login-react-project] [restartedMain] o.s.b.w.embedded.tomcat.TomcatWebServer  : Tomcat started on port 8080 (http) with context path ''
2024-05-10T13:14:25.748+05:30  INFO 18588 --- [user-login-react-project] [restartedMain] c.z.b.UserLoginReactProjectApplication   : Started UserLoginReactProjectApplication in 2.904 seconds (process running for 152306.445)
2024-05-10T13:14:25.753+05:30  INFO 18588 --- [user-login-react-project] [restartedMain] .ConditionEvaluationDeltaLoggingListener : Condition evaluation unchanged
2024-05-10T14:29:36.243+05:30  WARN 18588 --- [user-login-react-project] [HikariPool-35 housekeeper] com.zaxxer.hikari.pool.HikariPool        : HikariPool-35 - Thread starvation or clock leap detected (housekeeper delta=1h15m11s792ms600µs800ns).
2024-05-10T14:31:39.287+05:30  INFO 18588 --- [user-login-react-project] [File Watcher] rtingClassPathChangeChangedEventListener : Restarting due to 2 class path changes (0 additions, 0 deletions, 2 modifications)
2024-05-10T14:31:39.374+05:30  INFO 18588 --- [user-login-react-project] [Thread-139] j.LocalContainerEntityManagerFactoryBean : Closing JPA EntityManagerFactory for persistence unit 'default'
2024-05-10T14:31:39.381+05:30  INFO 18588 --- [user-login-react-project] [Thread-139] com.zaxxer.hikari.HikariDataSource       : HikariPool-35 - Shutdown initiated...
2024-05-10T14:31:39.395+05:30  INFO 18588 --- [user-login-react-project] [Thread-139] com.zaxxer.hikari.HikariDataSource       : HikariPool-35 - Shutdown completed.
2024-05-10T14:31:39.692+05:30  INFO 18588 --- [user-login-react-project] [restartedMain] c.z.b.UserLoginReactProjectApplication   : Starting UserLoginReactProjectApplication using Java 17.0.9 with PID 18588 (D:\SrikanthK\Java\spring-boot\user-module-backend\user-login-react-project\target\classes started by Srikanth K in D:\SrikanthK\Java\spring-boot\user-module-backend\user-login-react-project)
2024-05-10T14:31:39.692+05:30  INFO 18588 --- [user-login-react-project] [restartedMain] c.z.b.UserLoginReactProjectApplication   : No active profile set, falling back to 1 default profile: "default"
2024-05-10T14:31:40.249+05:30  INFO 18588 --- [user-login-react-project] [restartedMain] .s.d.r.c.RepositoryConfigurationDelegate : Bootstrapping Spring Data JPA repositories in DEFAULT mode.
2024-05-10T14:31:40.267+05:30  INFO 18588 --- [user-login-react-project] [restartedMain] .s.d.r.c.RepositoryConfigurationDelegate : Finished Spring Data repository scanning in 16 ms. Found 2 JPA repository interfaces.
2024-05-10T14:31:40.372+05:30  WARN 18588 --- [user-login-react-project] [restartedMain] trationDelegate$BeanPostProcessorChecker : Bean 'org.springframework.ws.config.annotation.DelegatingWsConfiguration' of type [org.springframework.ws.config.annotation.DelegatingWsConfiguration$$SpringCGLIB$$0] is not eligible for getting processed by all BeanPostProcessors (for example: not eligible for auto-proxying). The currently created BeanPostProcessor [annotationActionEndpointMapping] is declared through a non-static factory method on that class; consider declaring it as static instead.
2024-05-10T14:31:40.375+05:30  INFO 18588 --- [user-login-react-project] [restartedMain] .w.s.a.s.AnnotationActionEndpointMapping : Supporting [WS-Addressing August 2004, WS-Addressing 1.0]
2024-05-10T14:31:40.547+05:30  INFO 18588 --- [user-login-react-project] [restartedMain] o.s.b.w.embedded.tomcat.TomcatWebServer  : Tomcat initialized with port 8080 (http)
2024-05-10T14:31:40.547+05:30  INFO 18588 --- [user-login-react-project] [restartedMain] o.apache.catalina.core.StandardService   : Starting service [Tomcat]
2024-05-10T14:31:40.548+05:30  INFO 18588 --- [user-login-react-project] [restartedMain] o.apache.catalina.core.StandardEngine    : Starting Servlet engine: [Apache Tomcat/10.1.20]
2024-05-10T14:31:40.581+05:30  INFO 18588 --- [user-login-react-project] [restartedMain] o.a.c.c.C.[Tomcat].[localhost].[/]       : Initializing Spring embedded WebApplicationContext
2024-05-10T14:31:40.581+05:30  INFO 18588 --- [user-login-react-project] [restartedMain] w.s.c.ServletWebServerApplicationContext : Root WebApplicationContext: initialization completed in 887 ms
2024-05-10T14:31:40.772+05:30  INFO 18588 --- [user-login-react-project] [restartedMain] o.hibernate.jpa.internal.util.LogHelper  : HHH000204: Processing PersistenceUnitInfo [name: default]
2024-05-10T14:31:40.776+05:30  INFO 18588 --- [user-login-react-project] [restartedMain] o.h.c.internal.RegionFactoryInitiator    : HHH000026: Second-level cache disabled
2024-05-10T14:31:40.780+05:30  INFO 18588 --- [user-login-react-project] [restartedMain] o.s.o.j.p.SpringPersistenceUnitInfo      : No LoadTimeWeaver setup: ignoring JPA class transformer
2024-05-10T14:31:40.781+05:30  INFO 18588 --- [user-login-react-project] [restartedMain] com.zaxxer.hikari.HikariDataSource       : HikariPool-36 - Starting...
2024-05-10T14:31:40.944+05:30  INFO 18588 --- [user-login-react-project] [restartedMain] com.zaxxer.hikari.pool.HikariPool        : HikariPool-36 - Added connection org.postgresql.jdbc.PgConnection@776f46c9
2024-05-10T14:31:40.945+05:30  INFO 18588 --- [user-login-react-project] [restartedMain] com.zaxxer.hikari.HikariDataSource       : HikariPool-36 - Start completed.
2024-05-10T14:31:41.009+05:30  INFO 18588 --- [user-login-react-project] [restartedMain] o.h.e.t.j.p.i.JtaPlatformInitiator       : HHH000489: No JTA platform available (set 'hibernate.transaction.jta.platform' to enable JTA platform integration)
2024-05-10T14:31:41.063+05:30  INFO 18588 --- [user-login-react-project] [restartedMain] j.LocalContainerEntityManagerFactoryBean : Initialized JPA EntityManagerFactory for persistence unit 'default'
2024-05-10T14:31:41.396+05:30  WARN 18588 --- [user-login-react-project] [restartedMain] JpaBaseConfiguration$JpaWebConfiguration : spring.jpa.open-in-view is enabled by default. Therefore, database queries may be performed during view rendering. Explicitly configure spring.jpa.open-in-view to disable this warning
2024-05-10T14:31:41.674+05:30  WARN 18588 --- [user-login-react-project] [restartedMain] ion$DefaultTemplateResolverConfiguration : Cannot find template location: classpath:/templates/ (please add some templates, check your Thymeleaf configuration, or set spring.thymeleaf.check-template-location=false)
2024-05-10T14:31:42.143+05:30  INFO 18588 --- [user-login-react-project] [restartedMain] o.s.b.d.a.OptionalLiveReloadServer       : LiveReload server is running on port 35729
2024-05-10T14:31:42.152+05:30  INFO 18588 --- [user-login-react-project] [restartedMain] o.s.b.a.e.web.EndpointLinksResolver      : Exposing 1 endpoint(s) beneath base path '/actuator'
2024-05-10T14:31:42.195+05:30  INFO 18588 --- [user-login-react-project] [restartedMain] o.s.b.w.embedded.tomcat.TomcatWebServer  : Tomcat started on port 8080 (http) with context path ''
2024-05-10T14:31:42.225+05:30  INFO 18588 --- [user-login-react-project] [restartedMain] c.z.b.UserLoginReactProjectApplication   : Started UserLoginReactProjectApplication in 2.571 seconds (process running for 156942.926)
2024-05-10T14:31:42.229+05:30  INFO 18588 --- [user-login-react-project] [restartedMain] .ConditionEvaluationDeltaLoggingListener : Condition evaluation unchanged
2024-05-10T14:31:53.949+05:30  INFO 18588 --- [user-login-react-project] [File Watcher] rtingClassPathChangeChangedEventListener : Restarting due to 3 class path changes (0 additions, 0 deletions, 3 modifications)
2024-05-10T14:31:53.977+05:30  INFO 18588 --- [user-login-react-project] [Thread-143] j.LocalContainerEntityManagerFactoryBean : Closing JPA EntityManagerFactory for persistence unit 'default'
2024-05-10T14:31:53.978+05:30  INFO 18588 --- [user-login-react-project] [Thread-143] com.zaxxer.hikari.HikariDataSource       : HikariPool-36 - Shutdown initiated...
2024-05-10T14:31:53.987+05:30  INFO 18588 --- [user-login-react-project] [Thread-143] com.zaxxer.hikari.HikariDataSource       : HikariPool-36 - Shutdown completed.
2024-05-10T14:31:54.202+05:30  INFO 18588 --- [user-login-react-project] [restartedMain] c.z.b.UserLoginReactProjectApplication   : Starting UserLoginReactProjectApplication using Java 17.0.9 with PID 18588 (D:\SrikanthK\Java\spring-boot\user-module-backend\user-login-react-project\target\classes started by Srikanth K in D:\SrikanthK\Java\spring-boot\user-module-backend\user-login-react-project)
2024-05-10T14:31:54.203+05:30  INFO 18588 --- [user-login-react-project] [restartedMain] c.z.b.UserLoginReactProjectApplication   : No active profile set, falling back to 1 default profile: "default"
2024-05-10T14:31:54.714+05:30  INFO 18588 --- [user-login-react-project] [restartedMain] .s.d.r.c.RepositoryConfigurationDelegate : Bootstrapping Spring Data JPA repositories in DEFAULT mode.
2024-05-10T14:31:54.732+05:30  INFO 18588 --- [user-login-react-project] [restartedMain] .s.d.r.c.RepositoryConfigurationDelegate : Finished Spring Data repository scanning in 18 ms. Found 2 JPA repository interfaces.
2024-05-10T14:31:54.836+05:30  WARN 18588 --- [user-login-react-project] [restartedMain] trationDelegate$BeanPostProcessorChecker : Bean 'org.springframework.ws.config.annotation.DelegatingWsConfiguration' of type [org.springframework.ws.config.annotation.DelegatingWsConfiguration$$SpringCGLIB$$0] is not eligible for getting processed by all BeanPostProcessors (for example: not eligible for auto-proxying). The currently created BeanPostProcessor [annotationActionEndpointMapping] is declared through a non-static factory method on that class; consider declaring it as static instead.
2024-05-10T14:31:54.837+05:30  INFO 18588 --- [user-login-react-project] [restartedMain] .w.s.a.s.AnnotationActionEndpointMapping : Supporting [WS-Addressing August 2004, WS-Addressing 1.0]
2024-05-10T14:31:55.026+05:30  INFO 18588 --- [user-login-react-project] [restartedMain] o.s.b.w.embedded.tomcat.TomcatWebServer  : Tomcat initialized with port 8080 (http)
2024-05-10T14:31:55.026+05:30  INFO 18588 --- [user-login-react-project] [restartedMain] o.apache.catalina.core.StandardService   : Starting service [Tomcat]
2024-05-10T14:31:55.027+05:30  INFO 18588 --- [user-login-react-project] [restartedMain] o.apache.catalina.core.StandardEngine    : Starting Servlet engine: [Apache Tomcat/10.1.20]
2024-05-10T14:31:55.058+05:30  INFO 18588 --- [user-login-react-project] [restartedMain] o.a.c.c.C.[Tomcat].[localhost].[/]       : Initializing Spring embedded WebApplicationContext
2024-05-10T14:31:55.058+05:30  INFO 18588 --- [user-login-react-project] [restartedMain] w.s.c.ServletWebServerApplicationContext : Root WebApplicationContext: initialization completed in 851 ms
2024-05-10T14:31:55.286+05:30  INFO 18588 --- [user-login-react-project] [restartedMain] o.hibernate.jpa.internal.util.LogHelper  : HHH000204: Processing PersistenceUnitInfo [name: default]
2024-05-10T14:31:55.290+05:30  INFO 18588 --- [user-login-react-project] [restartedMain] o.h.c.internal.RegionFactoryInitiator    : HHH000026: Second-level cache disabled
2024-05-10T14:31:55.295+05:30  INFO 18588 --- [user-login-react-project] [restartedMain] o.s.o.j.p.SpringPersistenceUnitInfo      : No LoadTimeWeaver setup: ignoring JPA class transformer
2024-05-10T14:31:55.297+05:30  INFO 18588 --- [user-login-react-project] [restartedMain] com.zaxxer.hikari.HikariDataSource       : HikariPool-37 - Starting...
2024-05-10T14:31:55.378+05:30  INFO 18588 --- [user-login-react-project] [restartedMain] com.zaxxer.hikari.pool.HikariPool        : HikariPool-37 - Added connection org.postgresql.jdbc.PgConnection@500b40b4
2024-05-10T14:31:55.378+05:30  INFO 18588 --- [user-login-react-project] [restartedMain] com.zaxxer.hikari.HikariDataSource       : HikariPool-37 - Start completed.
2024-05-10T14:31:55.532+05:30  INFO 18588 --- [user-login-react-project] [restartedMain] o.h.e.t.j.p.i.JtaPlatformInitiator       : HHH000489: No JTA platform available (set 'hibernate.transaction.jta.platform' to enable JTA platform integration)
2024-05-10T14:31:55.600+05:30  INFO 18588 --- [user-login-react-project] [restartedMain] j.LocalContainerEntityManagerFactoryBean : Initialized JPA EntityManagerFactory for persistence unit 'default'
2024-05-10T14:31:55.959+05:30  WARN 18588 --- [user-login-react-project] [restartedMain] JpaBaseConfiguration$JpaWebConfiguration : spring.jpa.open-in-view is enabled by default. Therefore, database queries may be performed during view rendering. Explicitly configure spring.jpa.open-in-view to disable this warning
2024-05-10T14:31:56.320+05:30  WARN 18588 --- [user-login-react-project] [restartedMain] ion$DefaultTemplateResolverConfiguration : Cannot find template location: classpath:/templates/ (please add some templates, check your Thymeleaf configuration, or set spring.thymeleaf.check-template-location=false)
2024-05-10T14:31:56.658+05:30  INFO 18588 --- [user-login-react-project] [restartedMain] o.s.b.d.a.OptionalLiveReloadServer       : LiveReload server is running on port 35729
2024-05-10T14:31:56.666+05:30  INFO 18588 --- [user-login-react-project] [restartedMain] o.s.b.a.e.web.EndpointLinksResolver      : Exposing 1 endpoint(s) beneath base path '/actuator'
2024-05-10T14:31:56.713+05:30  INFO 18588 --- [user-login-react-project] [restartedMain] o.s.b.w.embedded.tomcat.TomcatWebServer  : Tomcat started on port 8080 (http) with context path ''
2024-05-10T14:31:56.732+05:30  INFO 18588 --- [user-login-react-project] [restartedMain] c.z.b.UserLoginReactProjectApplication   : Started UserLoginReactProjectApplication in 2.59 seconds (process running for 156957.433)
2024-05-10T14:31:56.735+05:30  INFO 18588 --- [user-login-react-project] [restartedMain] .ConditionEvaluationDeltaLoggingListener : Condition evaluation unchanged
2024-05-10T14:32:57.758+05:30  INFO 18588 --- [user-login-react-project] [File Watcher] rtingClassPathChangeChangedEventListener : Restarting due to 1 class path change (0 additions, 0 deletions, 1 modification)
2024-05-10T14:32:57.777+05:30  INFO 18588 --- [user-login-react-project] [Thread-147] j.LocalContainerEntityManagerFactoryBean : Closing JPA EntityManagerFactory for persistence unit 'default'
2024-05-10T14:32:57.779+05:30  INFO 18588 --- [user-login-react-project] [Thread-147] com.zaxxer.hikari.HikariDataSource       : HikariPool-37 - Shutdown initiated...
2024-05-10T14:32:57.787+05:30  INFO 18588 --- [user-login-react-project] [Thread-147] com.zaxxer.hikari.HikariDataSource       : HikariPool-37 - Shutdown completed.
2024-05-10T14:32:57.981+05:30  INFO 18588 --- [user-login-react-project] [restartedMain] c.z.b.UserLoginReactProjectApplication   : Starting UserLoginReactProjectApplication using Java 17.0.9 with PID 18588 (D:\SrikanthK\Java\spring-boot\user-module-backend\user-login-react-project\target\classes started by Srikanth K in D:\SrikanthK\Java\spring-boot\user-module-backend\user-login-react-project)
2024-05-10T14:32:57.981+05:30  INFO 18588 --- [user-login-react-project] [restartedMain] c.z.b.UserLoginReactProjectApplication   : No active profile set, falling back to 1 default profile: "default"
2024-05-10T14:32:58.342+05:30  INFO 18588 --- [user-login-react-project] [restartedMain] .s.d.r.c.RepositoryConfigurationDelegate : Bootstrapping Spring Data JPA repositories in DEFAULT mode.
2024-05-10T14:32:58.354+05:30  INFO 18588 --- [user-login-react-project] [restartedMain] .s.d.r.c.RepositoryConfigurationDelegate : Finished Spring Data repository scanning in 11 ms. Found 2 JPA repository interfaces.
2024-05-10T14:32:58.418+05:30  WARN 18588 --- [user-login-react-project] [restartedMain] trationDelegate$BeanPostProcessorChecker : Bean 'org.springframework.ws.config.annotation.DelegatingWsConfiguration' of type [org.springframework.ws.config.annotation.DelegatingWsConfiguration$$SpringCGLIB$$0] is not eligible for getting processed by all BeanPostProcessors (for example: not eligible for auto-proxying). The currently created BeanPostProcessor [annotationActionEndpointMapping] is declared through a non-static factory method on that class; consider declaring it as static instead.
2024-05-10T14:32:58.418+05:30  INFO 18588 --- [user-login-react-project] [restartedMain] .w.s.a.s.AnnotationActionEndpointMapping : Supporting [WS-Addressing August 2004, WS-Addressing 1.0]
2024-05-10T14:32:58.547+05:30  INFO 18588 --- [user-login-react-project] [restartedMain] o.s.b.w.embedded.tomcat.TomcatWebServer  : Tomcat initialized with port 8080 (http)
2024-05-10T14:32:58.547+05:30  INFO 18588 --- [user-login-react-project] [restartedMain] o.apache.catalina.core.StandardService   : Starting service [Tomcat]
2024-05-10T14:32:58.547+05:30  INFO 18588 --- [user-login-react-project] [restartedMain] o.apache.catalina.core.StandardEngine    : Starting Servlet engine: [Apache Tomcat/10.1.20]
2024-05-10T14:32:58.576+05:30  INFO 18588 --- [user-login-react-project] [restartedMain] o.a.c.c.C.[Tomcat].[localhost].[/]       : Initializing Spring embedded WebApplicationContext
2024-05-10T14:32:58.576+05:30  INFO 18588 --- [user-login-react-project] [restartedMain] w.s.c.ServletWebServerApplicationContext : Root WebApplicationContext: initialization completed in 593 ms
2024-05-10T14:32:58.726+05:30  INFO 18588 --- [user-login-react-project] [restartedMain] o.hibernate.jpa.internal.util.LogHelper  : HHH000204: Processing PersistenceUnitInfo [name: default]
2024-05-10T14:32:58.730+05:30  INFO 18588 --- [user-login-react-project] [restartedMain] o.h.c.internal.RegionFactoryInitiator    : HHH000026: Second-level cache disabled
2024-05-10T14:32:58.736+05:30  INFO 18588 --- [user-login-react-project] [restartedMain] o.s.o.j.p.SpringPersistenceUnitInfo      : No LoadTimeWeaver setup: ignoring JPA class transformer
2024-05-10T14:32:58.737+05:30  INFO 18588 --- [user-login-react-project] [restartedMain] com.zaxxer.hikari.HikariDataSource       : HikariPool-38 - Starting...
2024-05-10T14:32:58.802+05:30  INFO 18588 --- [user-login-react-project] [restartedMain] com.zaxxer.hikari.pool.HikariPool        : HikariPool-38 - Added connection org.postgresql.jdbc.PgConnection@8003fa2
2024-05-10T14:32:58.802+05:30  INFO 18588 --- [user-login-react-project] [restartedMain] com.zaxxer.hikari.HikariDataSource       : HikariPool-38 - Start completed.
2024-05-10T14:32:58.866+05:30  INFO 18588 --- [user-login-react-project] [restartedMain] o.h.e.t.j.p.i.JtaPlatformInitiator       : HHH000489: No JTA platform available (set 'hibernate.transaction.jta.platform' to enable JTA platform integration)
2024-05-10T14:32:58.920+05:30  INFO 18588 --- [user-login-react-project] [restartedMain] j.LocalContainerEntityManagerFactoryBean : Initialized JPA EntityManagerFactory for persistence unit 'default'
2024-05-10T14:32:59.180+05:30  WARN 18588 --- [user-login-react-project] [restartedMain] JpaBaseConfiguration$JpaWebConfiguration : spring.jpa.open-in-view is enabled by default. Therefore, database queries may be performed during view rendering. Explicitly configure spring.jpa.open-in-view to disable this warning
2024-05-10T14:32:59.447+05:30  WARN 18588 --- [user-login-react-project] [restartedMain] ion$DefaultTemplateResolverConfiguration : Cannot find template location: classpath:/templates/ (please add some templates, check your Thymeleaf configuration, or set spring.thymeleaf.check-template-location=false)
2024-05-10T14:32:59.817+05:30  INFO 18588 --- [user-login-react-project] [restartedMain] o.s.b.d.a.OptionalLiveReloadServer       : LiveReload server is running on port 35729
2024-05-10T14:32:59.824+05:30  INFO 18588 --- [user-login-react-project] [restartedMain] o.s.b.a.e.web.EndpointLinksResolver      : Exposing 1 endpoint(s) beneath base path '/actuator'
2024-05-10T14:32:59.861+05:30  INFO 18588 --- [user-login-react-project] [restartedMain] o.s.b.w.embedded.tomcat.TomcatWebServer  : Tomcat started on port 8080 (http) with context path ''
2024-05-10T14:32:59.887+05:30  INFO 18588 --- [user-login-react-project] [restartedMain] c.z.b.UserLoginReactProjectApplication   : Started UserLoginReactProjectApplication in 1.945 seconds (process running for 157020.588)
2024-05-10T14:32:59.890+05:30  INFO 18588 --- [user-login-react-project] [restartedMain] .ConditionEvaluationDeltaLoggingListener : Condition evaluation unchanged
2024-05-10T14:36:16.148+05:30  INFO 18588 --- [user-login-react-project] [http-nio-8080-exec-1] o.a.c.c.C.[Tomcat].[localhost].[/]       : Initializing Spring DispatcherServlet 'dispatcherServlet'
2024-05-10T14:36:16.148+05:30  INFO 18588 --- [user-login-react-project] [http-nio-8080-exec-1] o.s.web.servlet.DispatcherServlet        : Initializing Servlet 'dispatcherServlet'
2024-05-10T14:36:16.151+05:30  INFO 18588 --- [user-login-react-project] [http-nio-8080-exec-1] o.s.web.servlet.DispatcherServlet        : Completed initialization in 2 ms
2024-05-10T15:21:10.033+05:30 ERROR 18588 --- [user-login-react-project] [http-nio-8080-exec-7] o.a.c.c.C.[.[.[/].[dispatcherServlet]    : Servlet.service() for servlet [dispatcherServlet] in context with path [] threw exception [Request processing failed: java.util.NoSuchElementException: No value present] with root cause

java.util.NoSuchElementException: No value present
	at java.base/java.util.Optional.get(Optional.java:143) ~[na:na]
	at com.zettamine.boot.service.UserServiceImpl.forgotPassword(UserServiceImpl.java:186) ~[classes/:na]
	at java.base/jdk.internal.reflect.NativeMethodAccessorImpl.invoke0(Native Method) ~[na:na]
	at java.base/jdk.internal.reflect.NativeMethodAccessorImpl.invoke(NativeMethodAccessorImpl.java:77) ~[na:na]
	at java.base/jdk.internal.reflect.DelegatingMethodAccessorImpl.invoke(DelegatingMethodAccessorImpl.java:43) ~[na:na]
	at java.base/java.lang.reflect.Method.invoke(Method.java:568) ~[na:na]
	at org.springframework.aop.support.AopUtils.invokeJoinpointUsingReflection(AopUtils.java:354) ~[spring-aop-6.1.6.jar:6.1.6]
	at org.springframework.aop.framework.ReflectiveMethodInvocation.invokeJoinpoint(ReflectiveMethodInvocation.java:196) ~[spring-aop-6.1.6.jar:6.1.6]
	at org.springframework.aop.framework.ReflectiveMethodInvocation.proceed(ReflectiveMethodInvocation.java:163) ~[spring-aop-6.1.6.jar:6.1.6]
	at org.springframework.aop.framework.CglibAopProxy$CglibMethodInvocation.proceed(CglibAopProxy.java:768) ~[spring-aop-6.1.6.jar:6.1.6]
	at org.springframework.transaction.interceptor.TransactionInterceptor$1.proceedWithInvocation(TransactionInterceptor.java:123) ~[spring-tx-6.1.6.jar:6.1.6]
	at org.springframework.transaction.interceptor.TransactionAspectSupport.invokeWithinTransaction(TransactionAspectSupport.java:392) ~[spring-tx-6.1.6.jar:6.1.6]
	at org.springframework.transaction.interceptor.TransactionInterceptor.invoke(TransactionInterceptor.java:119) ~[spring-tx-6.1.6.jar:6.1.6]
	at org.springframework.aop.framework.ReflectiveMethodInvocation.proceed(ReflectiveMethodInvocation.java:184) ~[spring-aop-6.1.6.jar:6.1.6]
	at org.springframework.aop.framework.CglibAopProxy$CglibMethodInvocation.proceed(CglibAopProxy.java:768) ~[spring-aop-6.1.6.jar:6.1.6]
	at org.springframework.aop.framework.CglibAopProxy$DynamicAdvisedInterceptor.intercept(CglibAopProxy.java:720) ~[spring-aop-6.1.6.jar:6.1.6]
	at com.zettamine.boot.service.UserServiceImpl$$SpringCGLIB$$0.forgotPassword(<generated>) ~[classes/:na]
	at com.zettamine.boot.controller.UserController.sendMailForOtpForNewPassword(UserController.java:100) ~[classes/:na]
	at java.base/jdk.internal.reflect.NativeMethodAccessorImpl.invoke0(Native Method) ~[na:na]
	at java.base/jdk.internal.reflect.NativeMethodAccessorImpl.invoke(NativeMethodAccessorImpl.java:77) ~[na:na]
	at java.base/jdk.internal.reflect.DelegatingMethodAccessorImpl.invoke(DelegatingMethodAccessorImpl.java:43) ~[na:na]
	at java.base/java.lang.reflect.Method.invoke(Method.java:568) ~[na:na]
	at org.springframework.web.method.support.InvocableHandlerMethod.doInvoke(InvocableHandlerMethod.java:255) ~[spring-web-6.1.6.jar:6.1.6]
	at org.springframework.web.method.support.InvocableHandlerMethod.invokeForRequest(InvocableHandlerMethod.java:188) ~[spring-web-6.1.6.jar:6.1.6]
	at org.springframework.web.servlet.mvc.method.annotation.ServletInvocableHandlerMethod.invokeAndHandle(ServletInvocableHandlerMethod.java:118) ~[spring-webmvc-6.1.6.jar:6.1.6]
	at org.springframework.web.servlet.mvc.method.annotation.RequestMappingHandlerAdapter.invokeHandlerMethod(RequestMappingHandlerAdapter.java:926) ~[spring-webmvc-6.1.6.jar:6.1.6]
	at org.springframework.web.servlet.mvc.method.annotation.RequestMappingHandlerAdapter.handleInternal(RequestMappingHandlerAdapter.java:831) ~[spring-webmvc-6.1.6.jar:6.1.6]
	at org.springframework.web.servlet.mvc.method.AbstractHandlerMethodAdapter.handle(AbstractHandlerMethodAdapter.java:87) ~[spring-webmvc-6.1.6.jar:6.1.6]
	at org.springframework.web.servlet.DispatcherServlet.doDispatch(DispatcherServlet.java:1089) ~[spring-webmvc-6.1.6.jar:6.1.6]
	at org.springframework.web.servlet.DispatcherServlet.doService(DispatcherServlet.java:979) ~[spring-webmvc-6.1.6.jar:6.1.6]
	at org.springframework.web.servlet.FrameworkServlet.processRequest(FrameworkServlet.java:1014) ~[spring-webmvc-6.1.6.jar:6.1.6]
	at org.springframework.web.servlet.FrameworkServlet.doPut(FrameworkServlet.java:925) ~[spring-webmvc-6.1.6.jar:6.1.6]
	at jakarta.servlet.http.HttpServlet.service(HttpServlet.java:593) ~[tomcat-embed-core-10.1.20.jar:6.0]
	at org.springframework.web.servlet.FrameworkServlet.service(FrameworkServlet.java:885) ~[spring-webmvc-6.1.6.jar:6.1.6]
	at jakarta.servlet.http.HttpServlet.service(HttpServlet.java:658) ~[tomcat-embed-core-10.1.20.jar:6.0]
	at org.apache.catalina.core.ApplicationFilterChain.internalDoFilter(ApplicationFilterChain.java:206) ~[tomcat-embed-core-10.1.20.jar:10.1.20]
	at org.apache.catalina.core.ApplicationFilterChain.doFilter(ApplicationFilterChain.java:150) ~[tomcat-embed-core-10.1.20.jar:10.1.20]
	at org.apache.tomcat.websocket.server.WsFilter.doFilter(WsFilter.java:51) ~[tomcat-embed-websocket-10.1.20.jar:10.1.20]
	at org.apache.catalina.core.ApplicationFilterChain.internalDoFilter(ApplicationFilterChain.java:175) ~[tomcat-embed-core-10.1.20.jar:10.1.20]
	at org.apache.catalina.core.ApplicationFilterChain.doFilter(ApplicationFilterChain.java:150) ~[tomcat-embed-core-10.1.20.jar:10.1.20]
	at org.springframework.web.filter.RequestContextFilter.doFilterInternal(RequestContextFilter.java:100) ~[spring-web-6.1.6.jar:6.1.6]
	at org.springframework.web.filter.OncePerRequestFilter.doFilter(OncePerRequestFilter.java:116) ~[spring-web-6.1.6.jar:6.1.6]
	at org.apache.catalina.core.ApplicationFilterChain.internalDoFilter(ApplicationFilterChain.java:175) ~[tomcat-embed-core-10.1.20.jar:10.1.20]
	at org.apache.catalina.core.ApplicationFilterChain.doFilter(ApplicationFilterChain.java:150) ~[tomcat-embed-core-10.1.20.jar:10.1.20]
	at org.springframework.web.filter.FormContentFilter.doFilterInternal(FormContentFilter.java:93) ~[spring-web-6.1.6.jar:6.1.6]
	at org.springframework.web.filter.OncePerRequestFilter.doFilter(OncePerRequestFilter.java:116) ~[spring-web-6.1.6.jar:6.1.6]
	at org.apache.catalina.core.ApplicationFilterChain.internalDoFilter(ApplicationFilterChain.java:175) ~[tomcat-embed-core-10.1.20.jar:10.1.20]
	at org.apache.catalina.core.ApplicationFilterChain.doFilter(ApplicationFilterChain.java:150) ~[tomcat-embed-core-10.1.20.jar:10.1.20]
	at org.springframework.web.filter.ServerHttpObservationFilter.doFilterInternal(ServerHttpObservationFilter.java:109) ~[spring-web-6.1.6.jar:6.1.6]
	at org.springframework.web.filter.OncePerRequestFilter.doFilter(OncePerRequestFilter.java:116) ~[spring-web-6.1.6.jar:6.1.6]
	at org.apache.catalina.core.ApplicationFilterChain.internalDoFilter(ApplicationFilterChain.java:175) ~[tomcat-embed-core-10.1.20.jar:10.1.20]
	at org.apache.catalina.core.ApplicationFilterChain.doFilter(ApplicationFilterChain.java:150) ~[tomcat-embed-core-10.1.20.jar:10.1.20]
	at org.springframework.web.filter.CharacterEncodingFilter.doFilterInternal(CharacterEncodingFilter.java:201) ~[spring-web-6.1.6.jar:6.1.6]
	at org.springframework.web.filter.OncePerRequestFilter.doFilter(OncePerRequestFilter.java:116) ~[spring-web-6.1.6.jar:6.1.6]
	at org.apache.catalina.core.ApplicationFilterChain.internalDoFilter(ApplicationFilterChain.java:175) ~[tomcat-embed-core-10.1.20.jar:10.1.20]
	at org.apache.catalina.core.ApplicationFilterChain.doFilter(ApplicationFilterChain.java:150) ~[tomcat-embed-core-10.1.20.jar:10.1.20]
	at org.apache.catalina.core.StandardWrapperValve.invoke(StandardWrapperValve.java:167) ~[tomcat-embed-core-10.1.20.jar:10.1.20]
	at org.apache.catalina.core.StandardContextValve.invoke(StandardContextValve.java:90) ~[tomcat-embed-core-10.1.20.jar:10.1.20]
	at org.apache.catalina.authenticator.AuthenticatorBase.invoke(AuthenticatorBase.java:482) ~[tomcat-embed-core-10.1.20.jar:10.1.20]
	at org.apache.catalina.core.StandardHostValve.invoke(StandardHostValve.java:115) ~[tomcat-embed-core-10.1.20.jar:10.1.20]
	at org.apache.catalina.valves.ErrorReportValve.invoke(ErrorReportValve.java:93) ~[tomcat-embed-core-10.1.20.jar:10.1.20]
	at org.apache.catalina.core.StandardEngineValve.invoke(StandardEngineValve.java:74) ~[tomcat-embed-core-10.1.20.jar:10.1.20]
	at org.apache.catalina.connector.CoyoteAdapter.service(CoyoteAdapter.java:344) ~[tomcat-embed-core-10.1.20.jar:10.1.20]
	at org.apache.coyote.http11.Http11Processor.service(Http11Processor.java:391) ~[tomcat-embed-core-10.1.20.jar:10.1.20]
	at org.apache.coyote.AbstractProcessorLight.process(AbstractProcessorLight.java:63) ~[tomcat-embed-core-10.1.20.jar:10.1.20]
	at org.apache.coyote.AbstractProtocol$ConnectionHandler.process(AbstractProtocol.java:896) ~[tomcat-embed-core-10.1.20.jar:10.1.20]
	at org.apache.tomcat.util.net.NioEndpoint$SocketProcessor.doRun(NioEndpoint.java:1736) ~[tomcat-embed-core-10.1.20.jar:10.1.20]
	at org.apache.tomcat.util.net.SocketProcessorBase.run(SocketProcessorBase.java:52) ~[tomcat-embed-core-10.1.20.jar:10.1.20]
	at org.apache.tomcat.util.threads.ThreadPoolExecutor.runWorker(ThreadPoolExecutor.java:1191) ~[tomcat-embed-core-10.1.20.jar:10.1.20]
	at org.apache.tomcat.util.threads.ThreadPoolExecutor$Worker.run(ThreadPoolExecutor.java:659) ~[tomcat-embed-core-10.1.20.jar:10.1.20]
	at org.apache.tomcat.util.threads.TaskThread$WrappingRunnable.run(TaskThread.java:63) ~[tomcat-embed-core-10.1.20.jar:10.1.20]
	at java.base/java.lang.Thread.run(Thread.java:840) ~[na:na]

2024-05-10T15:23:28.471+05:30 ERROR 18588 --- [user-login-react-project] [http-nio-8080-exec-10] o.a.c.c.C.[.[.[/].[dispatcherServlet]    : Servlet.service() for servlet [dispatcherServlet] in context with path [] threw exception [Request processing failed: java.util.NoSuchElementException: No value present] with root cause

java.util.NoSuchElementException: No value present
	at java.base/java.util.Optional.get(Optional.java:143) ~[na:na]
	at com.zettamine.boot.service.UserServiceImpl.forgotPassword(UserServiceImpl.java:186) ~[classes/:na]
	at java.base/jdk.internal.reflect.NativeMethodAccessorImpl.invoke0(Native Method) ~[na:na]
	at java.base/jdk.internal.reflect.NativeMethodAccessorImpl.invoke(NativeMethodAccessorImpl.java:77) ~[na:na]
	at java.base/jdk.internal.reflect.DelegatingMethodAccessorImpl.invoke(DelegatingMethodAccessorImpl.java:43) ~[na:na]
	at java.base/java.lang.reflect.Method.invoke(Method.java:568) ~[na:na]
	at org.springframework.aop.support.AopUtils.invokeJoinpointUsingReflection(AopUtils.java:354) ~[spring-aop-6.1.6.jar:6.1.6]
	at org.springframework.aop.framework.ReflectiveMethodInvocation.invokeJoinpoint(ReflectiveMethodInvocation.java:196) ~[spring-aop-6.1.6.jar:6.1.6]
	at org.springframework.aop.framework.ReflectiveMethodInvocation.proceed(ReflectiveMethodInvocation.java:163) ~[spring-aop-6.1.6.jar:6.1.6]
	at org.springframework.aop.framework.CglibAopProxy$CglibMethodInvocation.proceed(CglibAopProxy.java:768) ~[spring-aop-6.1.6.jar:6.1.6]
	at org.springframework.transaction.interceptor.TransactionInterceptor$1.proceedWithInvocation(TransactionInterceptor.java:123) ~[spring-tx-6.1.6.jar:6.1.6]
	at org.springframework.transaction.interceptor.TransactionAspectSupport.invokeWithinTransaction(TransactionAspectSupport.java:392) ~[spring-tx-6.1.6.jar:6.1.6]
	at org.springframework.transaction.interceptor.TransactionInterceptor.invoke(TransactionInterceptor.java:119) ~[spring-tx-6.1.6.jar:6.1.6]
	at org.springframework.aop.framework.ReflectiveMethodInvocation.proceed(ReflectiveMethodInvocation.java:184) ~[spring-aop-6.1.6.jar:6.1.6]
	at org.springframework.aop.framework.CglibAopProxy$CglibMethodInvocation.proceed(CglibAopProxy.java:768) ~[spring-aop-6.1.6.jar:6.1.6]
	at org.springframework.aop.framework.CglibAopProxy$DynamicAdvisedInterceptor.intercept(CglibAopProxy.java:720) ~[spring-aop-6.1.6.jar:6.1.6]
	at com.zettamine.boot.service.UserServiceImpl$$SpringCGLIB$$0.forgotPassword(<generated>) ~[classes/:na]
	at com.zettamine.boot.controller.UserController.sendMailForOtpForNewPassword(UserController.java:100) ~[classes/:na]
	at java.base/jdk.internal.reflect.NativeMethodAccessorImpl.invoke0(Native Method) ~[na:na]
	at java.base/jdk.internal.reflect.NativeMethodAccessorImpl.invoke(NativeMethodAccessorImpl.java:77) ~[na:na]
	at java.base/jdk.internal.reflect.DelegatingMethodAccessorImpl.invoke(DelegatingMethodAccessorImpl.java:43) ~[na:na]
	at java.base/java.lang.reflect.Method.invoke(Method.java:568) ~[na:na]
	at org.springframework.web.method.support.InvocableHandlerMethod.doInvoke(InvocableHandlerMethod.java:255) ~[spring-web-6.1.6.jar:6.1.6]
	at org.springframework.web.method.support.InvocableHandlerMethod.invokeForRequest(InvocableHandlerMethod.java:188) ~[spring-web-6.1.6.jar:6.1.6]
	at org.springframework.web.servlet.mvc.method.annotation.ServletInvocableHandlerMethod.invokeAndHandle(ServletInvocableHandlerMethod.java:118) ~[spring-webmvc-6.1.6.jar:6.1.6]
	at org.springframework.web.servlet.mvc.method.annotation.RequestMappingHandlerAdapter.invokeHandlerMethod(RequestMappingHandlerAdapter.java:926) ~[spring-webmvc-6.1.6.jar:6.1.6]
	at org.springframework.web.servlet.mvc.method.annotation.RequestMappingHandlerAdapter.handleInternal(RequestMappingHandlerAdapter.java:831) ~[spring-webmvc-6.1.6.jar:6.1.6]
	at org.springframework.web.servlet.mvc.method.AbstractHandlerMethodAdapter.handle(AbstractHandlerMethodAdapter.java:87) ~[spring-webmvc-6.1.6.jar:6.1.6]
	at org.springframework.web.servlet.DispatcherServlet.doDispatch(DispatcherServlet.java:1089) ~[spring-webmvc-6.1.6.jar:6.1.6]
	at org.springframework.web.servlet.DispatcherServlet.doService(DispatcherServlet.java:979) ~[spring-webmvc-6.1.6.jar:6.1.6]
	at org.springframework.web.servlet.FrameworkServlet.processRequest(FrameworkServlet.java:1014) ~[spring-webmvc-6.1.6.jar:6.1.6]
	at org.springframework.web.servlet.FrameworkServlet.doPut(FrameworkServlet.java:925) ~[spring-webmvc-6.1.6.jar:6.1.6]
	at jakarta.servlet.http.HttpServlet.service(HttpServlet.java:593) ~[tomcat-embed-core-10.1.20.jar:6.0]
	at org.springframework.web.servlet.FrameworkServlet.service(FrameworkServlet.java:885) ~[spring-webmvc-6.1.6.jar:6.1.6]
	at jakarta.servlet.http.HttpServlet.service(HttpServlet.java:658) ~[tomcat-embed-core-10.1.20.jar:6.0]
	at org.apache.catalina.core.ApplicationFilterChain.internalDoFilter(ApplicationFilterChain.java:206) ~[tomcat-embed-core-10.1.20.jar:10.1.20]
	at org.apache.catalina.core.ApplicationFilterChain.doFilter(ApplicationFilterChain.java:150) ~[tomcat-embed-core-10.1.20.jar:10.1.20]
	at org.apache.tomcat.websocket.server.WsFilter.doFilter(WsFilter.java:51) ~[tomcat-embed-websocket-10.1.20.jar:10.1.20]
	at org.apache.catalina.core.ApplicationFilterChain.internalDoFilter(ApplicationFilterChain.java:175) ~[tomcat-embed-core-10.1.20.jar:10.1.20]
	at org.apache.catalina.core.ApplicationFilterChain.doFilter(ApplicationFilterChain.java:150) ~[tomcat-embed-core-10.1.20.jar:10.1.20]
	at org.springframework.web.filter.RequestContextFilter.doFilterInternal(RequestContextFilter.java:100) ~[spring-web-6.1.6.jar:6.1.6]
	at org.springframework.web.filter.OncePerRequestFilter.doFilter(OncePerRequestFilter.java:116) ~[spring-web-6.1.6.jar:6.1.6]
	at org.apache.catalina.core.ApplicationFilterChain.internalDoFilter(ApplicationFilterChain.java:175) ~[tomcat-embed-core-10.1.20.jar:10.1.20]
	at org.apache.catalina.core.ApplicationFilterChain.doFilter(ApplicationFilterChain.java:150) ~[tomcat-embed-core-10.1.20.jar:10.1.20]
	at org.springframework.web.filter.FormContentFilter.doFilterInternal(FormContentFilter.java:93) ~[spring-web-6.1.6.jar:6.1.6]
	at org.springframework.web.filter.OncePerRequestFilter.doFilter(OncePerRequestFilter.java:116) ~[spring-web-6.1.6.jar:6.1.6]
	at org.apache.catalina.core.ApplicationFilterChain.internalDoFilter(ApplicationFilterChain.java:175) ~[tomcat-embed-core-10.1.20.jar:10.1.20]
	at org.apache.catalina.core.ApplicationFilterChain.doFilter(ApplicationFilterChain.java:150) ~[tomcat-embed-core-10.1.20.jar:10.1.20]
	at org.springframework.web.filter.ServerHttpObservationFilter.doFilterInternal(ServerHttpObservationFilter.java:109) ~[spring-web-6.1.6.jar:6.1.6]
	at org.springframework.web.filter.OncePerRequestFilter.doFilter(OncePerRequestFilter.java:116) ~[spring-web-6.1.6.jar:6.1.6]
	at org.apache.catalina.core.ApplicationFilterChain.internalDoFilter(ApplicationFilterChain.java:175) ~[tomcat-embed-core-10.1.20.jar:10.1.20]
	at org.apache.catalina.core.ApplicationFilterChain.doFilter(ApplicationFilterChain.java:150) ~[tomcat-embed-core-10.1.20.jar:10.1.20]
	at org.springframework.web.filter.CharacterEncodingFilter.doFilterInternal(CharacterEncodingFilter.java:201) ~[spring-web-6.1.6.jar:6.1.6]
	at org.springframework.web.filter.OncePerRequestFilter.doFilter(OncePerRequestFilter.java:116) ~[spring-web-6.1.6.jar:6.1.6]
	at org.apache.catalina.core.ApplicationFilterChain.internalDoFilter(ApplicationFilterChain.java:175) ~[tomcat-embed-core-10.1.20.jar:10.1.20]
	at org.apache.catalina.core.ApplicationFilterChain.doFilter(ApplicationFilterChain.java:150) ~[tomcat-embed-core-10.1.20.jar:10.1.20]
	at org.apache.catalina.core.StandardWrapperValve.invoke(StandardWrapperValve.java:167) ~[tomcat-embed-core-10.1.20.jar:10.1.20]
	at org.apache.catalina.core.StandardContextValve.invoke(StandardContextValve.java:90) ~[tomcat-embed-core-10.1.20.jar:10.1.20]
	at org.apache.catalina.authenticator.AuthenticatorBase.invoke(AuthenticatorBase.java:482) ~[tomcat-embed-core-10.1.20.jar:10.1.20]
	at org.apache.catalina.core.StandardHostValve.invoke(StandardHostValve.java:115) ~[tomcat-embed-core-10.1.20.jar:10.1.20]
	at org.apache.catalina.valves.ErrorReportValve.invoke(ErrorReportValve.java:93) ~[tomcat-embed-core-10.1.20.jar:10.1.20]
	at org.apache.catalina.core.StandardEngineValve.invoke(StandardEngineValve.java:74) ~[tomcat-embed-core-10.1.20.jar:10.1.20]
	at org.apache.catalina.connector.CoyoteAdapter.service(CoyoteAdapter.java:344) ~[tomcat-embed-core-10.1.20.jar:10.1.20]
	at org.apache.coyote.http11.Http11Processor.service(Http11Processor.java:391) ~[tomcat-embed-core-10.1.20.jar:10.1.20]
	at org.apache.coyote.AbstractProcessorLight.process(AbstractProcessorLight.java:63) ~[tomcat-embed-core-10.1.20.jar:10.1.20]
	at org.apache.coyote.AbstractProtocol$ConnectionHandler.process(AbstractProtocol.java:896) ~[tomcat-embed-core-10.1.20.jar:10.1.20]
	at org.apache.tomcat.util.net.NioEndpoint$SocketProcessor.doRun(NioEndpoint.java:1736) ~[tomcat-embed-core-10.1.20.jar:10.1.20]
	at org.apache.tomcat.util.net.SocketProcessorBase.run(SocketProcessorBase.java:52) ~[tomcat-embed-core-10.1.20.jar:10.1.20]
	at org.apache.tomcat.util.threads.ThreadPoolExecutor.runWorker(ThreadPoolExecutor.java:1191) ~[tomcat-embed-core-10.1.20.jar:10.1.20]
	at org.apache.tomcat.util.threads.ThreadPoolExecutor$Worker.run(ThreadPoolExecutor.java:659) ~[tomcat-embed-core-10.1.20.jar:10.1.20]
	at org.apache.tomcat.util.threads.TaskThread$WrappingRunnable.run(TaskThread.java:63) ~[tomcat-embed-core-10.1.20.jar:10.1.20]
	at java.base/java.lang.Thread.run(Thread.java:840) ~[na:na]

2024-05-10T18:10:46.523+05:30  INFO 18588 --- [user-login-react-project] [RMI TCP Connection(1292)-127.0.0.1] inMXBeanRegistrar$SpringApplicationAdmin : Application shutdown requested.
2024-05-10T18:10:46.729+05:30  INFO 18588 --- [user-login-react-project] [RMI TCP Connection(1292)-127.0.0.1] j.LocalContainerEntityManagerFactoryBean : Closing JPA EntityManagerFactory for persistence unit 'default'
2024-05-10T18:10:46.784+05:30  INFO 18588 --- [user-login-react-project] [RMI TCP Connection(1292)-127.0.0.1] com.zaxxer.hikari.HikariDataSource       : HikariPool-38 - Shutdown initiated...
2024-05-10T18:10:46.812+05:30  INFO 18588 --- [user-login-react-project] [RMI TCP Connection(1292)-127.0.0.1] com.zaxxer.hikari.HikariDataSource       : HikariPool-38 - Shutdown completed.
